<?xml version="1.0" encoding="UTF-8"?>
<testng-results skipped="0" failed="17" ignored="0" total="190" passed="173">
  <reporter-output>
  </reporter-output>
  <suite name="Suite" duration-ms="542947" started-at="2020-12-02T10:49:05Z" finished-at="2020-12-02T10:58:08Z">
    <groups>
    </groups>
    <test name="Test" duration-ms="542947" started-at="2020-12-02T10:49:05Z" finished-at="2020-12-02T10:58:08Z">
      <class name="com.booking.test.OneWayTripTest">
        <test-method status="PASS" signature="OneWayTripSearchTest(java.lang.String, java.lang.String, java.lang.String, java.lang.String, java.lang.String, java.lang.String)[pri:0, instance:com.booking.test.OneWayTripTest@778d1062]" name="OneWayTripSearchTest" duration-ms="8203" started-at="2020-12-02T10:49:07Z" data-provider="hybridData" finished-at="2020-12-02T10:49:16Z">
          <params>
            <param index="0">
              <value>
                <![CDATA[OneWayTripTest1_ValidInput]]>
              </value>
            </param>
            <param index="1">
              <value>
                <![CDATA[]]>
              </value>
            </param>
            <param index="2">
              <value>
                <![CDATA[]]>
              </value>
            </param>
            <param index="3">
              <value>
                <![CDATA[]]>
              </value>
            </param>
            <param index="4">
              <value>
                <![CDATA[]]>
              </value>
            </param>
            <param index="5">
              <value>
                <![CDATA[]]>
              </value>
            </param>
          </params>
          <reporter-output>
          </reporter-output>
        </test-method> <!-- OneWayTripSearchTest -->
        <test-method status="PASS" signature="OneWayTripSearchTest(java.lang.String, java.lang.String, java.lang.String, java.lang.String, java.lang.String, java.lang.String)[pri:0, instance:com.booking.test.OneWayTripTest@778d1062]" name="OneWayTripSearchTest" duration-ms="6674" started-at="2020-12-02T10:49:16Z" data-provider="hybridData" finished-at="2020-12-02T10:49:22Z">
          <params>
            <param index="0">
              <value>
                <![CDATA[]]>
              </value>
            </param>
            <param index="1">
              <value>
                <![CDATA[GOTOURL]]>
              </value>
            </param>
            <param index="2">
              <value>
                <![CDATA[]]>
              </value>
            </param>
            <param index="3">
              <value>
                <![CDATA[]]>
              </value>
            </param>
            <param index="4">
              <value>
                <![CDATA[]]>
              </value>
            </param>
            <param index="5">
              <value>
                <![CDATA[url]]>
              </value>
            </param>
          </params>
          <reporter-output>
          </reporter-output>
        </test-method> <!-- OneWayTripSearchTest -->
        <test-method status="PASS" signature="OneWayTripSearchTest(java.lang.String, java.lang.String, java.lang.String, java.lang.String, java.lang.String, java.lang.String)[pri:0, instance:com.booking.test.OneWayTripTest@778d1062]" name="OneWayTripSearchTest" duration-ms="18580" started-at="2020-12-02T10:49:22Z" data-provider="hybridData" finished-at="2020-12-02T10:49:41Z">
          <params>
            <param index="0">
              <value>
                <![CDATA[]]>
              </value>
            </param>
            <param index="1">
              <value>
                <![CDATA[CLICK]]>
              </value>
            </param>
            <param index="2">
              <value>
                <![CDATA[departCity]]>
              </value>
            </param>
            <param index="3">
              <value>
                <![CDATA[]]>
              </value>
            </param>
            <param index="4">
              <value>
                <![CDATA[xpath]]>
              </value>
            </param>
            <param index="5">
              <value>
                <![CDATA[]]>
              </value>
            </param>
          </params>
          <reporter-output>
          </reporter-output>
        </test-method> <!-- OneWayTripSearchTest -->
        <test-method status="PASS" signature="OneWayTripSearchTest(java.lang.String, java.lang.String, java.lang.String, java.lang.String, java.lang.String, java.lang.String)[pri:0, instance:com.booking.test.OneWayTripTest@778d1062]" name="OneWayTripSearchTest" duration-ms="2230" started-at="2020-12-02T10:49:41Z" data-provider="hybridData" finished-at="2020-12-02T10:49:43Z">
          <params>
            <param index="0">
              <value>
                <![CDATA[]]>
              </value>
            </param>
            <param index="1">
              <value>
                <![CDATA[SETTEXT]]>
              </value>
            </param>
            <param index="2">
              <value>
                <![CDATA[departCity]]>
              </value>
            </param>
            <param index="3">
              <value>
                <![CDATA[]]>
              </value>
            </param>
            <param index="4">
              <value>
                <![CDATA[xpath]]>
              </value>
            </param>
            <param index="5">
              <value>
                <![CDATA[Mumbai]]>
              </value>
            </param>
          </params>
          <reporter-output>
          </reporter-output>
        </test-method> <!-- OneWayTripSearchTest -->
        <test-method status="PASS" signature="OneWayTripSearchTest(java.lang.String, java.lang.String, java.lang.String, java.lang.String, java.lang.String, java.lang.String)[pri:0, instance:com.booking.test.OneWayTripTest@778d1062]" name="OneWayTripSearchTest" duration-ms="3004" started-at="2020-12-02T10:49:43Z" data-provider="hybridData" finished-at="2020-12-02T10:49:46Z">
          <params>
            <param index="0">
              <value>
                <![CDATA[]]>
              </value>
            </param>
            <param index="1">
              <value>
                <![CDATA[SLEEP]]>
              </value>
            </param>
            <param index="2">
              <value>
                <![CDATA[]]>
              </value>
            </param>
            <param index="3">
              <value>
                <![CDATA[]]>
              </value>
            </param>
            <param index="4">
              <value>
                <![CDATA[]]>
              </value>
            </param>
            <param index="5">
              <value>
                <![CDATA[]]>
              </value>
            </param>
          </params>
          <reporter-output>
          </reporter-output>
        </test-method> <!-- OneWayTripSearchTest -->
        <test-method status="PASS" signature="OneWayTripSearchTest(java.lang.String, java.lang.String, java.lang.String, java.lang.String, java.lang.String, java.lang.String)[pri:0, instance:com.booking.test.OneWayTripTest@778d1062]" name="OneWayTripSearchTest" duration-ms="1329" started-at="2020-12-02T10:49:46Z" data-provider="hybridData" finished-at="2020-12-02T10:49:47Z">
          <params>
            <param index="0">
              <value>
                <![CDATA[]]>
              </value>
            </param>
            <param index="1">
              <value>
                <![CDATA[ENTER]]>
              </value>
            </param>
            <param index="2">
              <value>
                <![CDATA[departCity]]>
              </value>
            </param>
            <param index="3">
              <value>
                <![CDATA[]]>
              </value>
            </param>
            <param index="4">
              <value>
                <![CDATA[xpath]]>
              </value>
            </param>
            <param index="5">
              <value>
                <![CDATA[]]>
              </value>
            </param>
          </params>
          <reporter-output>
          </reporter-output>
        </test-method> <!-- OneWayTripSearchTest -->
        <test-method status="PASS" signature="OneWayTripSearchTest(java.lang.String, java.lang.String, java.lang.String, java.lang.String, java.lang.String, java.lang.String)[pri:0, instance:com.booking.test.OneWayTripTest@778d1062]" name="OneWayTripSearchTest" duration-ms="1304" started-at="2020-12-02T10:49:47Z" data-provider="hybridData" finished-at="2020-12-02T10:49:49Z">
          <params>
            <param index="0">
              <value>
                <![CDATA[]]>
              </value>
            </param>
            <param index="1">
              <value>
                <![CDATA[SETTEXT]]>
              </value>
            </param>
            <param index="2">
              <value>
                <![CDATA[goingToCity]]>
              </value>
            </param>
            <param index="3">
              <value>
                <![CDATA[]]>
              </value>
            </param>
            <param index="4">
              <value>
                <![CDATA[xpath]]>
              </value>
            </param>
            <param index="5">
              <value>
                <![CDATA[New Delhi]]>
              </value>
            </param>
          </params>
          <reporter-output>
          </reporter-output>
        </test-method> <!-- OneWayTripSearchTest -->
        <test-method status="PASS" signature="OneWayTripSearchTest(java.lang.String, java.lang.String, java.lang.String, java.lang.String, java.lang.String, java.lang.String)[pri:0, instance:com.booking.test.OneWayTripTest@778d1062]" name="OneWayTripSearchTest" duration-ms="1238" started-at="2020-12-02T10:49:49Z" data-provider="hybridData" finished-at="2020-12-02T10:49:50Z">
          <params>
            <param index="0">
              <value>
                <![CDATA[]]>
              </value>
            </param>
            <param index="1">
              <value>
                <![CDATA[ENTER]]>
              </value>
            </param>
            <param index="2">
              <value>
                <![CDATA[goingToCity]]>
              </value>
            </param>
            <param index="3">
              <value>
                <![CDATA[]]>
              </value>
            </param>
            <param index="4">
              <value>
                <![CDATA[xpath]]>
              </value>
            </param>
            <param index="5">
              <value>
                <![CDATA[]]>
              </value>
            </param>
          </params>
          <reporter-output>
          </reporter-output>
        </test-method> <!-- OneWayTripSearchTest -->
        <test-method status="PASS" signature="OneWayTripSearchTest(java.lang.String, java.lang.String, java.lang.String, java.lang.String, java.lang.String, java.lang.String)[pri:0, instance:com.booking.test.OneWayTripTest@778d1062]" name="OneWayTripSearchTest" duration-ms="1569" started-at="2020-12-02T10:49:50Z" data-provider="hybridData" finished-at="2020-12-02T10:49:52Z">
          <params>
            <param index="0">
              <value>
                <![CDATA[]]>
              </value>
            </param>
            <param index="1">
              <value>
                <![CDATA[CLICK]]>
              </value>
            </param>
            <param index="2">
              <value>
                <![CDATA[departDate]]>
              </value>
            </param>
            <param index="3">
              <value>
                <![CDATA[]]>
              </value>
            </param>
            <param index="4">
              <value>
                <![CDATA[xpath]]>
              </value>
            </param>
            <param index="5">
              <value>
                <![CDATA[]]>
              </value>
            </param>
          </params>
          <reporter-output>
          </reporter-output>
        </test-method> <!-- OneWayTripSearchTest -->
        <test-method status="PASS" signature="OneWayTripSearchTest(java.lang.String, java.lang.String, java.lang.String, java.lang.String, java.lang.String, java.lang.String)[pri:0, instance:com.booking.test.OneWayTripTest@778d1062]" name="OneWayTripSearchTest" duration-ms="1396" started-at="2020-12-02T10:49:52Z" data-provider="hybridData" finished-at="2020-12-02T10:49:53Z">
          <params>
            <param index="0">
              <value>
                <![CDATA[]]>
              </value>
            </param>
            <param index="1">
              <value>
                <![CDATA[DATE]]>
              </value>
            </param>
            <param index="2">
              <value>
                <![CDATA[]]>
              </value>
            </param>
            <param index="3">
              <value>
                <![CDATA[]]>
              </value>
            </param>
            <param index="4">
              <value>
                <![CDATA[xpath]]>
              </value>
            </param>
            <param index="5">
              <value>
                <![CDATA[08/12/2020]]>
              </value>
            </param>
          </params>
          <reporter-output>
          </reporter-output>
        </test-method> <!-- OneWayTripSearchTest -->
        <test-method status="PASS" signature="OneWayTripSearchTest(java.lang.String, java.lang.String, java.lang.String, java.lang.String, java.lang.String, java.lang.String)[pri:0, instance:com.booking.test.OneWayTripTest@778d1062]" name="OneWayTripSearchTest" duration-ms="1479" started-at="2020-12-02T10:49:53Z" data-provider="hybridData" finished-at="2020-12-02T10:49:54Z">
          <params>
            <param index="0">
              <value>
                <![CDATA[]]>
              </value>
            </param>
            <param index="1">
              <value>
                <![CDATA[CLICK]]>
              </value>
            </param>
            <param index="2">
              <value>
                <![CDATA[travellersClass]]>
              </value>
            </param>
            <param index="3">
              <value>
                <![CDATA[]]>
              </value>
            </param>
            <param index="4">
              <value>
                <![CDATA[xpath]]>
              </value>
            </param>
            <param index="5">
              <value>
                <![CDATA[]]>
              </value>
            </param>
          </params>
          <reporter-output>
          </reporter-output>
        </test-method> <!-- OneWayTripSearchTest -->
        <test-method status="PASS" signature="OneWayTripSearchTest(java.lang.String, java.lang.String, java.lang.String, java.lang.String, java.lang.String, java.lang.String)[pri:0, instance:com.booking.test.OneWayTripTest@778d1062]" name="OneWayTripSearchTest" duration-ms="1530" started-at="2020-12-02T10:49:54Z" data-provider="hybridData" finished-at="2020-12-02T10:49:56Z">
          <params>
            <param index="0">
              <value>
                <![CDATA[]]>
              </value>
            </param>
            <param index="1">
              <value>
                <![CDATA[CLICK]]>
              </value>
            </param>
            <param index="2">
              <value>
                <![CDATA[addAdult]]>
              </value>
            </param>
            <param index="3">
              <value>
                <![CDATA[]]>
              </value>
            </param>
            <param index="4">
              <value>
                <![CDATA[xpath]]>
              </value>
            </param>
            <param index="5">
              <value>
                <![CDATA[]]>
              </value>
            </param>
          </params>
          <reporter-output>
          </reporter-output>
        </test-method> <!-- OneWayTripSearchTest -->
        <test-method status="PASS" signature="OneWayTripSearchTest(java.lang.String, java.lang.String, java.lang.String, java.lang.String, java.lang.String, java.lang.String)[pri:0, instance:com.booking.test.OneWayTripTest@778d1062]" name="OneWayTripSearchTest" duration-ms="1375" started-at="2020-12-02T10:49:56Z" data-provider="hybridData" finished-at="2020-12-02T10:49:57Z">
          <params>
            <param index="0">
              <value>
                <![CDATA[]]>
              </value>
            </param>
            <param index="1">
              <value>
                <![CDATA[CLICK]]>
              </value>
            </param>
            <param index="2">
              <value>
                <![CDATA[checkBox]]>
              </value>
            </param>
            <param index="3">
              <value>
                <![CDATA[]]>
              </value>
            </param>
            <param index="4">
              <value>
                <![CDATA[xpath]]>
              </value>
            </param>
            <param index="5">
              <value>
                <![CDATA[]]>
              </value>
            </param>
          </params>
          <reporter-output>
          </reporter-output>
        </test-method> <!-- OneWayTripSearchTest -->
        <test-method status="PASS" signature="OneWayTripSearchTest(java.lang.String, java.lang.String, java.lang.String, java.lang.String, java.lang.String, java.lang.String)[pri:0, instance:com.booking.test.OneWayTripTest@778d1062]" name="OneWayTripSearchTest" duration-ms="2277" started-at="2020-12-02T10:49:57Z" data-provider="hybridData" finished-at="2020-12-02T10:50:00Z">
          <params>
            <param index="0">
              <value>
                <![CDATA[]]>
              </value>
            </param>
            <param index="1">
              <value>
                <![CDATA[CLICK]]>
              </value>
            </param>
            <param index="2">
              <value>
                <![CDATA[searchFlight]]>
              </value>
            </param>
            <param index="3">
              <value>
                <![CDATA[]]>
              </value>
            </param>
            <param index="4">
              <value>
                <![CDATA[xpath]]>
              </value>
            </param>
            <param index="5">
              <value>
                <![CDATA[]]>
              </value>
            </param>
          </params>
          <reporter-output>
          </reporter-output>
        </test-method> <!-- OneWayTripSearchTest -->
        <test-method status="PASS" signature="OneWayTripSearchTest(java.lang.String, java.lang.String, java.lang.String, java.lang.String, java.lang.String, java.lang.String)[pri:0, instance:com.booking.test.OneWayTripTest@778d1062]" name="OneWayTripSearchTest" duration-ms="3082" started-at="2020-12-02T10:50:00Z" data-provider="hybridData" finished-at="2020-12-02T10:50:03Z">
          <params>
            <param index="0">
              <value>
                <![CDATA[]]>
              </value>
            </param>
            <param index="1">
              <value>
                <![CDATA[RESULTCOMPARE]]>
              </value>
            </param>
            <param index="2">
              <value>
                <![CDATA[selectSearch]]>
              </value>
            </param>
            <param index="3">
              <value>
                <![CDATA[]]>
              </value>
            </param>
            <param index="4">
              <value>
                <![CDATA[xpath]]>
              </value>
            </param>
            <param index="5">
              <value>
                <![CDATA[]]>
              </value>
            </param>
          </params>
          <reporter-output>
          </reporter-output>
        </test-method> <!-- OneWayTripSearchTest -->
        <test-method status="PASS" signature="OneWayTripSearchTest(java.lang.String, java.lang.String, java.lang.String, java.lang.String, java.lang.String, java.lang.String)[pri:0, instance:com.booking.test.OneWayTripTest@778d1062]" name="OneWayTripSearchTest" duration-ms="3007" started-at="2020-12-02T10:50:03Z" data-provider="hybridData" finished-at="2020-12-02T10:50:06Z">
          <params>
            <param index="0">
              <value>
                <![CDATA[]]>
              </value>
            </param>
            <param index="1">
              <value>
                <![CDATA[SLEEP]]>
              </value>
            </param>
            <param index="2">
              <value>
                <![CDATA[]]>
              </value>
            </param>
            <param index="3">
              <value>
                <![CDATA[]]>
              </value>
            </param>
            <param index="4">
              <value>
                <![CDATA[]]>
              </value>
            </param>
            <param index="5">
              <value>
                <![CDATA[]]>
              </value>
            </param>
          </params>
          <reporter-output>
          </reporter-output>
        </test-method> <!-- OneWayTripSearchTest -->
        <test-method status="PASS" signature="OneWayTripSearchTest(java.lang.String, java.lang.String, java.lang.String, java.lang.String, java.lang.String, java.lang.String)[pri:0, instance:com.booking.test.OneWayTripTest@778d1062]" name="OneWayTripSearchTest" duration-ms="7191" started-at="2020-12-02T10:50:06Z" data-provider="hybridData" finished-at="2020-12-02T10:50:13Z">
          <params>
            <param index="0">
              <value>
                <![CDATA[OneWayTripTest2_InvalidDepart]]>
              </value>
            </param>
            <param index="1">
              <value>
                <![CDATA[]]>
              </value>
            </param>
            <param index="2">
              <value>
                <![CDATA[]]>
              </value>
            </param>
            <param index="3">
              <value>
                <![CDATA[]]>
              </value>
            </param>
            <param index="4">
              <value>
                <![CDATA[]]>
              </value>
            </param>
            <param index="5">
              <value>
                <![CDATA[]]>
              </value>
            </param>
          </params>
          <reporter-output>
          </reporter-output>
        </test-method> <!-- OneWayTripSearchTest -->
        <test-method status="PASS" signature="OneWayTripSearchTest(java.lang.String, java.lang.String, java.lang.String, java.lang.String, java.lang.String, java.lang.String)[pri:0, instance:com.booking.test.OneWayTripTest@778d1062]" name="OneWayTripSearchTest" duration-ms="9779" started-at="2020-12-02T10:50:13Z" data-provider="hybridData" finished-at="2020-12-02T10:50:23Z">
          <params>
            <param index="0">
              <value>
                <![CDATA[]]>
              </value>
            </param>
            <param index="1">
              <value>
                <![CDATA[GOTOURL]]>
              </value>
            </param>
            <param index="2">
              <value>
                <![CDATA[]]>
              </value>
            </param>
            <param index="3">
              <value>
                <![CDATA[]]>
              </value>
            </param>
            <param index="4">
              <value>
                <![CDATA[]]>
              </value>
            </param>
            <param index="5">
              <value>
                <![CDATA[url]]>
              </value>
            </param>
          </params>
          <reporter-output>
          </reporter-output>
        </test-method> <!-- OneWayTripSearchTest -->
        <test-method status="PASS" signature="OneWayTripSearchTest(java.lang.String, java.lang.String, java.lang.String, java.lang.String, java.lang.String, java.lang.String)[pri:0, instance:com.booking.test.OneWayTripTest@778d1062]" name="OneWayTripSearchTest" duration-ms="4454" started-at="2020-12-02T10:50:23Z" data-provider="hybridData" finished-at="2020-12-02T10:50:27Z">
          <params>
            <param index="0">
              <value>
                <![CDATA[]]>
              </value>
            </param>
            <param index="1">
              <value>
                <![CDATA[CLICK]]>
              </value>
            </param>
            <param index="2">
              <value>
                <![CDATA[departCity]]>
              </value>
            </param>
            <param index="3">
              <value>
                <![CDATA[]]>
              </value>
            </param>
            <param index="4">
              <value>
                <![CDATA[xpath]]>
              </value>
            </param>
            <param index="5">
              <value>
                <![CDATA[]]>
              </value>
            </param>
          </params>
          <reporter-output>
          </reporter-output>
        </test-method> <!-- OneWayTripSearchTest -->
        <test-method status="PASS" signature="OneWayTripSearchTest(java.lang.String, java.lang.String, java.lang.String, java.lang.String, java.lang.String, java.lang.String)[pri:0, instance:com.booking.test.OneWayTripTest@778d1062]" name="OneWayTripSearchTest" duration-ms="1166" started-at="2020-12-02T10:50:27Z" data-provider="hybridData" finished-at="2020-12-02T10:50:28Z">
          <params>
            <param index="0">
              <value>
                <![CDATA[]]>
              </value>
            </param>
            <param index="1">
              <value>
                <![CDATA[SETTEXT]]>
              </value>
            </param>
            <param index="2">
              <value>
                <![CDATA[departCity]]>
              </value>
            </param>
            <param index="3">
              <value>
                <![CDATA[]]>
              </value>
            </param>
            <param index="4">
              <value>
                <![CDATA[xpath]]>
              </value>
            </param>
            <param index="5">
              <value>
                <![CDATA[Dadar]]>
              </value>
            </param>
          </params>
          <reporter-output>
          </reporter-output>
        </test-method> <!-- OneWayTripSearchTest -->
        <test-method status="FAIL" signature="OneWayTripSearchTest(java.lang.String, java.lang.String, java.lang.String, java.lang.String, java.lang.String, java.lang.String)[pri:0, instance:com.booking.test.OneWayTripTest@778d1062]" name="OneWayTripSearchTest" duration-ms="220" started-at="2020-12-02T10:50:28Z" data-provider="hybridData" finished-at="2020-12-02T10:50:29Z">
          <params>
            <param index="0">
              <value>
                <![CDATA[]]>
              </value>
            </param>
            <param index="1">
              <value>
                <![CDATA[RESULTCOMPARE]]>
              </value>
            </param>
            <param index="2">
              <value>
                <![CDATA[citySearch]]>
              </value>
            </param>
            <param index="3">
              <value>
                <![CDATA[]]>
              </value>
            </param>
            <param index="4">
              <value>
                <![CDATA[xpath]]>
              </value>
            </param>
            <param index="5">
              <value>
                <![CDATA[]]>
              </value>
            </param>
          </params>
          <exception class="java.lang.AssertionError">
            <message>
              <![CDATA[expected [true] but found [false]]]>
            </message>
            <full-stacktrace>
              <![CDATA[java.lang.AssertionError: expected [true] but found [false]
at org.testng.Assert.fail(Assert.java:96)
at org.testng.Assert.failNotEquals(Assert.java:776)
at org.testng.Assert.assertTrue(Assert.java:44)
at org.testng.Assert.assertTrue(Assert.java:54)
at com.yatra.utils.ResultCompare.verifyResults(ResultCompare.java:23)
at com.yatra.utils.UIOperation.perform(UIOperation.java:115)
at com.booking.test.OneWayTripTest.OneWayTripSearchTest(OneWayTripTest.java:46)
at sun.reflect.GeneratedMethodAccessor1.invoke(Unknown Source)
at sun.reflect.DelegatingMethodAccessorImpl.invoke(Unknown Source)
at java.lang.reflect.Method.invoke(Unknown Source)
at org.testng.internal.MethodInvocationHelper.invokeMethod(MethodInvocationHelper.java:124)
at org.testng.internal.Invoker.invokeMethod(Invoker.java:583)
at org.testng.internal.Invoker.invokeTestMethod(Invoker.java:719)
at org.testng.internal.Invoker.invokeTestMethods(Invoker.java:989)
at org.testng.internal.TestMethodWorker.invokeTestMethods(TestMethodWorker.java:125)
at org.testng.internal.TestMethodWorker.run(TestMethodWorker.java:109)
at org.testng.TestRunner.privateRun(TestRunner.java:648)
at org.testng.TestRunner.run(TestRunner.java:505)
at org.testng.SuiteRunner.runTest(SuiteRunner.java:455)
at org.testng.SuiteRunner.runSequentially(SuiteRunner.java:450)
at org.testng.SuiteRunner.privateRun(SuiteRunner.java:415)
at org.testng.SuiteRunner.run(SuiteRunner.java:364)
at org.testng.SuiteRunnerWorker.runSuite(SuiteRunnerWorker.java:52)
at org.testng.SuiteRunnerWorker.run(SuiteRunnerWorker.java:84)
at org.testng.TestNG.runSuitesSequentially(TestNG.java:1208)
at org.testng.TestNG.runSuitesLocally(TestNG.java:1137)
at org.testng.TestNG.runSuites(TestNG.java:1049)
at org.testng.TestNG.run(TestNG.java:1017)
at org.testng.remote.AbstractRemoteTestNG.run(AbstractRemoteTestNG.java:132)
at org.testng.remote.RemoteTestNG.initAndRun(RemoteTestNG.java:230)
at org.testng.remote.RemoteTestNG.main(RemoteTestNG.java:76)
]]>
            </full-stacktrace>
          </exception> <!-- java.lang.AssertionError -->
          <reporter-output>
          </reporter-output>
        </test-method> <!-- OneWayTripSearchTest -->
        <test-method status="PASS" signature="OneWayTripSearchTest(java.lang.String, java.lang.String, java.lang.String, java.lang.String, java.lang.String, java.lang.String)[pri:0, instance:com.booking.test.OneWayTripTest@778d1062]" name="OneWayTripSearchTest" duration-ms="3029" started-at="2020-12-02T10:50:30Z" data-provider="hybridData" finished-at="2020-12-02T10:50:33Z">
          <params>
            <param index="0">
              <value>
                <![CDATA[]]>
              </value>
            </param>
            <param index="1">
              <value>
                <![CDATA[SLEEP]]>
              </value>
            </param>
            <param index="2">
              <value>
                <![CDATA[]]>
              </value>
            </param>
            <param index="3">
              <value>
                <![CDATA[]]>
              </value>
            </param>
            <param index="4">
              <value>
                <![CDATA[]]>
              </value>
            </param>
            <param index="5">
              <value>
                <![CDATA[]]>
              </value>
            </param>
          </params>
          <reporter-output>
          </reporter-output>
        </test-method> <!-- OneWayTripSearchTest -->
        <test-method status="PASS" signature="OneWayTripSearchTest(java.lang.String, java.lang.String, java.lang.String, java.lang.String, java.lang.String, java.lang.String)[pri:0, instance:com.booking.test.OneWayTripTest@778d1062]" name="OneWayTripSearchTest" duration-ms="7809" started-at="2020-12-02T10:50:33Z" data-provider="hybridData" finished-at="2020-12-02T10:50:41Z">
          <params>
            <param index="0">
              <value>
                <![CDATA[OneWayTripTest3_InvalidGoing]]>
              </value>
            </param>
            <param index="1">
              <value>
                <![CDATA[]]>
              </value>
            </param>
            <param index="2">
              <value>
                <![CDATA[]]>
              </value>
            </param>
            <param index="3">
              <value>
                <![CDATA[]]>
              </value>
            </param>
            <param index="4">
              <value>
                <![CDATA[]]>
              </value>
            </param>
            <param index="5">
              <value>
                <![CDATA[]]>
              </value>
            </param>
          </params>
          <reporter-output>
          </reporter-output>
        </test-method> <!-- OneWayTripSearchTest -->
        <test-method status="PASS" signature="OneWayTripSearchTest(java.lang.String, java.lang.String, java.lang.String, java.lang.String, java.lang.String, java.lang.String)[pri:0, instance:com.booking.test.OneWayTripTest@778d1062]" name="OneWayTripSearchTest" duration-ms="5902" started-at="2020-12-02T10:50:41Z" data-provider="hybridData" finished-at="2020-12-02T10:50:47Z">
          <params>
            <param index="0">
              <value>
                <![CDATA[]]>
              </value>
            </param>
            <param index="1">
              <value>
                <![CDATA[GOTOURL]]>
              </value>
            </param>
            <param index="2">
              <value>
                <![CDATA[]]>
              </value>
            </param>
            <param index="3">
              <value>
                <![CDATA[]]>
              </value>
            </param>
            <param index="4">
              <value>
                <![CDATA[]]>
              </value>
            </param>
            <param index="5">
              <value>
                <![CDATA[url]]>
              </value>
            </param>
          </params>
          <reporter-output>
          </reporter-output>
        </test-method> <!-- OneWayTripSearchTest -->
        <test-method status="PASS" signature="OneWayTripSearchTest(java.lang.String, java.lang.String, java.lang.String, java.lang.String, java.lang.String, java.lang.String)[pri:0, instance:com.booking.test.OneWayTripTest@778d1062]" name="OneWayTripSearchTest" duration-ms="3320" started-at="2020-12-02T10:50:47Z" data-provider="hybridData" finished-at="2020-12-02T10:50:50Z">
          <params>
            <param index="0">
              <value>
                <![CDATA[]]>
              </value>
            </param>
            <param index="1">
              <value>
                <![CDATA[CLICK]]>
              </value>
            </param>
            <param index="2">
              <value>
                <![CDATA[departCity]]>
              </value>
            </param>
            <param index="3">
              <value>
                <![CDATA[]]>
              </value>
            </param>
            <param index="4">
              <value>
                <![CDATA[xpath]]>
              </value>
            </param>
            <param index="5">
              <value>
                <![CDATA[]]>
              </value>
            </param>
          </params>
          <reporter-output>
          </reporter-output>
        </test-method> <!-- OneWayTripSearchTest -->
        <test-method status="PASS" signature="OneWayTripSearchTest(java.lang.String, java.lang.String, java.lang.String, java.lang.String, java.lang.String, java.lang.String)[pri:0, instance:com.booking.test.OneWayTripTest@778d1062]" name="OneWayTripSearchTest" duration-ms="1125" started-at="2020-12-02T10:50:50Z" data-provider="hybridData" finished-at="2020-12-02T10:50:52Z">
          <params>
            <param index="0">
              <value>
                <![CDATA[]]>
              </value>
            </param>
            <param index="1">
              <value>
                <![CDATA[SETTEXT]]>
              </value>
            </param>
            <param index="2">
              <value>
                <![CDATA[departCity]]>
              </value>
            </param>
            <param index="3">
              <value>
                <![CDATA[]]>
              </value>
            </param>
            <param index="4">
              <value>
                <![CDATA[xpath]]>
              </value>
            </param>
            <param index="5">
              <value>
                <![CDATA[Mumbai]]>
              </value>
            </param>
          </params>
          <reporter-output>
          </reporter-output>
        </test-method> <!-- OneWayTripSearchTest -->
        <test-method status="PASS" signature="OneWayTripSearchTest(java.lang.String, java.lang.String, java.lang.String, java.lang.String, java.lang.String, java.lang.String)[pri:0, instance:com.booking.test.OneWayTripTest@778d1062]" name="OneWayTripSearchTest" duration-ms="1115" started-at="2020-12-02T10:50:52Z" data-provider="hybridData" finished-at="2020-12-02T10:50:53Z">
          <params>
            <param index="0">
              <value>
                <![CDATA[]]>
              </value>
            </param>
            <param index="1">
              <value>
                <![CDATA[ENTER]]>
              </value>
            </param>
            <param index="2">
              <value>
                <![CDATA[departCity]]>
              </value>
            </param>
            <param index="3">
              <value>
                <![CDATA[]]>
              </value>
            </param>
            <param index="4">
              <value>
                <![CDATA[xpath]]>
              </value>
            </param>
            <param index="5">
              <value>
                <![CDATA[]]>
              </value>
            </param>
          </params>
          <reporter-output>
          </reporter-output>
        </test-method> <!-- OneWayTripSearchTest -->
        <test-method status="PASS" signature="OneWayTripSearchTest(java.lang.String, java.lang.String, java.lang.String, java.lang.String, java.lang.String, java.lang.String)[pri:0, instance:com.booking.test.OneWayTripTest@778d1062]" name="OneWayTripSearchTest" duration-ms="1275" started-at="2020-12-02T10:50:53Z" data-provider="hybridData" finished-at="2020-12-02T10:50:54Z">
          <params>
            <param index="0">
              <value>
                <![CDATA[]]>
              </value>
            </param>
            <param index="1">
              <value>
                <![CDATA[CLICK]]>
              </value>
            </param>
            <param index="2">
              <value>
                <![CDATA[goingToCity]]>
              </value>
            </param>
            <param index="3">
              <value>
                <![CDATA[]]>
              </value>
            </param>
            <param index="4">
              <value>
                <![CDATA[xpath]]>
              </value>
            </param>
            <param index="5">
              <value>
                <![CDATA[]]>
              </value>
            </param>
          </params>
          <reporter-output>
          </reporter-output>
        </test-method> <!-- OneWayTripSearchTest -->
        <test-method status="PASS" signature="OneWayTripSearchTest(java.lang.String, java.lang.String, java.lang.String, java.lang.String, java.lang.String, java.lang.String)[pri:0, instance:com.booking.test.OneWayTripTest@778d1062]" name="OneWayTripSearchTest" duration-ms="1399" started-at="2020-12-02T10:50:54Z" data-provider="hybridData" finished-at="2020-12-02T10:50:55Z">
          <params>
            <param index="0">
              <value>
                <![CDATA[]]>
              </value>
            </param>
            <param index="1">
              <value>
                <![CDATA[SETTEXT]]>
              </value>
            </param>
            <param index="2">
              <value>
                <![CDATA[goingToCity]]>
              </value>
            </param>
            <param index="3">
              <value>
                <![CDATA[]]>
              </value>
            </param>
            <param index="4">
              <value>
                <![CDATA[xpath]]>
              </value>
            </param>
            <param index="5">
              <value>
                <![CDATA[Mulund]]>
              </value>
            </param>
          </params>
          <reporter-output>
          </reporter-output>
        </test-method> <!-- OneWayTripSearchTest -->
        <test-method status="FAIL" signature="OneWayTripSearchTest(java.lang.String, java.lang.String, java.lang.String, java.lang.String, java.lang.String, java.lang.String)[pri:0, instance:com.booking.test.OneWayTripTest@778d1062]" name="OneWayTripSearchTest" duration-ms="717" started-at="2020-12-02T10:50:55Z" data-provider="hybridData" finished-at="2020-12-02T10:50:56Z">
          <params>
            <param index="0">
              <value>
                <![CDATA[]]>
              </value>
            </param>
            <param index="1">
              <value>
                <![CDATA[RESULTCOMPARE]]>
              </value>
            </param>
            <param index="2">
              <value>
                <![CDATA[citySearch]]>
              </value>
            </param>
            <param index="3">
              <value>
                <![CDATA[]]>
              </value>
            </param>
            <param index="4">
              <value>
                <![CDATA[xpath]]>
              </value>
            </param>
            <param index="5">
              <value>
                <![CDATA[]]>
              </value>
            </param>
          </params>
          <exception class="java.lang.AssertionError">
            <message>
              <![CDATA[expected [true] but found [false]]]>
            </message>
            <full-stacktrace>
              <![CDATA[java.lang.AssertionError: expected [true] but found [false]
at org.testng.Assert.fail(Assert.java:96)
at org.testng.Assert.failNotEquals(Assert.java:776)
at org.testng.Assert.assertTrue(Assert.java:44)
at org.testng.Assert.assertTrue(Assert.java:54)
at com.yatra.utils.ResultCompare.verifyResults(ResultCompare.java:23)
at com.yatra.utils.UIOperation.perform(UIOperation.java:115)
at com.booking.test.OneWayTripTest.OneWayTripSearchTest(OneWayTripTest.java:46)
at sun.reflect.GeneratedMethodAccessor1.invoke(Unknown Source)
at sun.reflect.DelegatingMethodAccessorImpl.invoke(Unknown Source)
at java.lang.reflect.Method.invoke(Unknown Source)
at org.testng.internal.MethodInvocationHelper.invokeMethod(MethodInvocationHelper.java:124)
at org.testng.internal.Invoker.invokeMethod(Invoker.java:583)
at org.testng.internal.Invoker.invokeTestMethod(Invoker.java:719)
at org.testng.internal.Invoker.invokeTestMethods(Invoker.java:989)
at org.testng.internal.TestMethodWorker.invokeTestMethods(TestMethodWorker.java:125)
at org.testng.internal.TestMethodWorker.run(TestMethodWorker.java:109)
at org.testng.TestRunner.privateRun(TestRunner.java:648)
at org.testng.TestRunner.run(TestRunner.java:505)
at org.testng.SuiteRunner.runTest(SuiteRunner.java:455)
at org.testng.SuiteRunner.runSequentially(SuiteRunner.java:450)
at org.testng.SuiteRunner.privateRun(SuiteRunner.java:415)
at org.testng.SuiteRunner.run(SuiteRunner.java:364)
at org.testng.SuiteRunnerWorker.runSuite(SuiteRunnerWorker.java:52)
at org.testng.SuiteRunnerWorker.run(SuiteRunnerWorker.java:84)
at org.testng.TestNG.runSuitesSequentially(TestNG.java:1208)
at org.testng.TestNG.runSuitesLocally(TestNG.java:1137)
at org.testng.TestNG.runSuites(TestNG.java:1049)
at org.testng.TestNG.run(TestNG.java:1017)
at org.testng.remote.AbstractRemoteTestNG.run(AbstractRemoteTestNG.java:132)
at org.testng.remote.RemoteTestNG.initAndRun(RemoteTestNG.java:230)
at org.testng.remote.RemoteTestNG.main(RemoteTestNG.java:76)
]]>
            </full-stacktrace>
          </exception> <!-- java.lang.AssertionError -->
          <reporter-output>
          </reporter-output>
        </test-method> <!-- OneWayTripSearchTest -->
        <test-method status="PASS" signature="OneWayTripSearchTest(java.lang.String, java.lang.String, java.lang.String, java.lang.String, java.lang.String, java.lang.String)[pri:0, instance:com.booking.test.OneWayTripTest@778d1062]" name="OneWayTripSearchTest" duration-ms="3021" started-at="2020-12-02T10:50:57Z" data-provider="hybridData" finished-at="2020-12-02T10:51:00Z">
          <params>
            <param index="0">
              <value>
                <![CDATA[]]>
              </value>
            </param>
            <param index="1">
              <value>
                <![CDATA[SLEEP]]>
              </value>
            </param>
            <param index="2">
              <value>
                <![CDATA[]]>
              </value>
            </param>
            <param index="3">
              <value>
                <![CDATA[]]>
              </value>
            </param>
            <param index="4">
              <value>
                <![CDATA[]]>
              </value>
            </param>
            <param index="5">
              <value>
                <![CDATA[]]>
              </value>
            </param>
          </params>
          <reporter-output>
          </reporter-output>
        </test-method> <!-- OneWayTripSearchTest -->
        <test-method status="PASS" signature="OneWayTripSearchTest(java.lang.String, java.lang.String, java.lang.String, java.lang.String, java.lang.String, java.lang.String)[pri:0, instance:com.booking.test.OneWayTripTest@778d1062]" name="OneWayTripSearchTest" duration-ms="7066" started-at="2020-12-02T10:51:00Z" data-provider="hybridData" finished-at="2020-12-02T10:51:07Z">
          <params>
            <param index="0">
              <value>
                <![CDATA[OneWayTripTest4_SameCity]]>
              </value>
            </param>
            <param index="1">
              <value>
                <![CDATA[]]>
              </value>
            </param>
            <param index="2">
              <value>
                <![CDATA[]]>
              </value>
            </param>
            <param index="3">
              <value>
                <![CDATA[]]>
              </value>
            </param>
            <param index="4">
              <value>
                <![CDATA[]]>
              </value>
            </param>
            <param index="5">
              <value>
                <![CDATA[]]>
              </value>
            </param>
          </params>
          <reporter-output>
          </reporter-output>
        </test-method> <!-- OneWayTripSearchTest -->
        <test-method status="PASS" signature="OneWayTripSearchTest(java.lang.String, java.lang.String, java.lang.String, java.lang.String, java.lang.String, java.lang.String)[pri:0, instance:com.booking.test.OneWayTripTest@778d1062]" name="OneWayTripSearchTest" duration-ms="6033" started-at="2020-12-02T10:51:07Z" data-provider="hybridData" finished-at="2020-12-02T10:51:13Z">
          <params>
            <param index="0">
              <value>
                <![CDATA[]]>
              </value>
            </param>
            <param index="1">
              <value>
                <![CDATA[GOTOURL]]>
              </value>
            </param>
            <param index="2">
              <value>
                <![CDATA[]]>
              </value>
            </param>
            <param index="3">
              <value>
                <![CDATA[]]>
              </value>
            </param>
            <param index="4">
              <value>
                <![CDATA[]]>
              </value>
            </param>
            <param index="5">
              <value>
                <![CDATA[url]]>
              </value>
            </param>
          </params>
          <reporter-output>
          </reporter-output>
        </test-method> <!-- OneWayTripSearchTest -->
        <test-method status="PASS" signature="OneWayTripSearchTest(java.lang.String, java.lang.String, java.lang.String, java.lang.String, java.lang.String, java.lang.String)[pri:0, instance:com.booking.test.OneWayTripTest@778d1062]" name="OneWayTripSearchTest" duration-ms="6322" started-at="2020-12-02T10:51:13Z" data-provider="hybridData" finished-at="2020-12-02T10:51:19Z">
          <params>
            <param index="0">
              <value>
                <![CDATA[]]>
              </value>
            </param>
            <param index="1">
              <value>
                <![CDATA[CLICK]]>
              </value>
            </param>
            <param index="2">
              <value>
                <![CDATA[departCity]]>
              </value>
            </param>
            <param index="3">
              <value>
                <![CDATA[]]>
              </value>
            </param>
            <param index="4">
              <value>
                <![CDATA[xpath]]>
              </value>
            </param>
            <param index="5">
              <value>
                <![CDATA[]]>
              </value>
            </param>
          </params>
          <reporter-output>
          </reporter-output>
        </test-method> <!-- OneWayTripSearchTest -->
        <test-method status="PASS" signature="OneWayTripSearchTest(java.lang.String, java.lang.String, java.lang.String, java.lang.String, java.lang.String, java.lang.String)[pri:0, instance:com.booking.test.OneWayTripTest@778d1062]" name="OneWayTripSearchTest" duration-ms="1205" started-at="2020-12-02T10:51:19Z" data-provider="hybridData" finished-at="2020-12-02T10:51:21Z">
          <params>
            <param index="0">
              <value>
                <![CDATA[]]>
              </value>
            </param>
            <param index="1">
              <value>
                <![CDATA[SETTEXT]]>
              </value>
            </param>
            <param index="2">
              <value>
                <![CDATA[departCity]]>
              </value>
            </param>
            <param index="3">
              <value>
                <![CDATA[]]>
              </value>
            </param>
            <param index="4">
              <value>
                <![CDATA[xpath]]>
              </value>
            </param>
            <param index="5">
              <value>
                <![CDATA[Mumbai]]>
              </value>
            </param>
          </params>
          <reporter-output>
          </reporter-output>
        </test-method> <!-- OneWayTripSearchTest -->
        <test-method status="PASS" signature="OneWayTripSearchTest(java.lang.String, java.lang.String, java.lang.String, java.lang.String, java.lang.String, java.lang.String)[pri:0, instance:com.booking.test.OneWayTripTest@778d1062]" name="OneWayTripSearchTest" duration-ms="1117" started-at="2020-12-02T10:51:21Z" data-provider="hybridData" finished-at="2020-12-02T10:51:22Z">
          <params>
            <param index="0">
              <value>
                <![CDATA[]]>
              </value>
            </param>
            <param index="1">
              <value>
                <![CDATA[ENTER]]>
              </value>
            </param>
            <param index="2">
              <value>
                <![CDATA[departCity]]>
              </value>
            </param>
            <param index="3">
              <value>
                <![CDATA[]]>
              </value>
            </param>
            <param index="4">
              <value>
                <![CDATA[xpath]]>
              </value>
            </param>
            <param index="5">
              <value>
                <![CDATA[]]>
              </value>
            </param>
          </params>
          <reporter-output>
          </reporter-output>
        </test-method> <!-- OneWayTripSearchTest -->
        <test-method status="PASS" signature="OneWayTripSearchTest(java.lang.String, java.lang.String, java.lang.String, java.lang.String, java.lang.String, java.lang.String)[pri:0, instance:com.booking.test.OneWayTripTest@778d1062]" name="OneWayTripSearchTest" duration-ms="2020" started-at="2020-12-02T10:51:22Z" data-provider="hybridData" finished-at="2020-12-02T10:51:24Z">
          <params>
            <param index="0">
              <value>
                <![CDATA[]]>
              </value>
            </param>
            <param index="1">
              <value>
                <![CDATA[CLICK]]>
              </value>
            </param>
            <param index="2">
              <value>
                <![CDATA[goingToCity]]>
              </value>
            </param>
            <param index="3">
              <value>
                <![CDATA[]]>
              </value>
            </param>
            <param index="4">
              <value>
                <![CDATA[xpath]]>
              </value>
            </param>
            <param index="5">
              <value>
                <![CDATA[]]>
              </value>
            </param>
          </params>
          <reporter-output>
          </reporter-output>
        </test-method> <!-- OneWayTripSearchTest -->
        <test-method status="PASS" signature="OneWayTripSearchTest(java.lang.String, java.lang.String, java.lang.String, java.lang.String, java.lang.String, java.lang.String)[pri:0, instance:com.booking.test.OneWayTripTest@778d1062]" name="OneWayTripSearchTest" duration-ms="2024" started-at="2020-12-02T10:51:24Z" data-provider="hybridData" finished-at="2020-12-02T10:51:26Z">
          <params>
            <param index="0">
              <value>
                <![CDATA[]]>
              </value>
            </param>
            <param index="1">
              <value>
                <![CDATA[SETTEXT]]>
              </value>
            </param>
            <param index="2">
              <value>
                <![CDATA[goingToCity]]>
              </value>
            </param>
            <param index="3">
              <value>
                <![CDATA[]]>
              </value>
            </param>
            <param index="4">
              <value>
                <![CDATA[xpath]]>
              </value>
            </param>
            <param index="5">
              <value>
                <![CDATA[Mumbai]]>
              </value>
            </param>
          </params>
          <reporter-output>
          </reporter-output>
        </test-method> <!-- OneWayTripSearchTest -->
        <test-method status="PASS" signature="OneWayTripSearchTest(java.lang.String, java.lang.String, java.lang.String, java.lang.String, java.lang.String, java.lang.String)[pri:0, instance:com.booking.test.OneWayTripTest@778d1062]" name="OneWayTripSearchTest" duration-ms="1144" started-at="2020-12-02T10:51:26Z" data-provider="hybridData" finished-at="2020-12-02T10:51:27Z">
          <params>
            <param index="0">
              <value>
                <![CDATA[]]>
              </value>
            </param>
            <param index="1">
              <value>
                <![CDATA[ENTER]]>
              </value>
            </param>
            <param index="2">
              <value>
                <![CDATA[goingToCity]]>
              </value>
            </param>
            <param index="3">
              <value>
                <![CDATA[]]>
              </value>
            </param>
            <param index="4">
              <value>
                <![CDATA[xpath]]>
              </value>
            </param>
            <param index="5">
              <value>
                <![CDATA[]]>
              </value>
            </param>
          </params>
          <reporter-output>
          </reporter-output>
        </test-method> <!-- OneWayTripSearchTest -->
        <test-method status="PASS" signature="OneWayTripSearchTest(java.lang.String, java.lang.String, java.lang.String, java.lang.String, java.lang.String, java.lang.String)[pri:0, instance:com.booking.test.OneWayTripTest@778d1062]" name="OneWayTripSearchTest" duration-ms="1325" started-at="2020-12-02T10:51:27Z" data-provider="hybridData" finished-at="2020-12-02T10:51:28Z">
          <params>
            <param index="0">
              <value>
                <![CDATA[]]>
              </value>
            </param>
            <param index="1">
              <value>
                <![CDATA[CLICK]]>
              </value>
            </param>
            <param index="2">
              <value>
                <![CDATA[departDate]]>
              </value>
            </param>
            <param index="3">
              <value>
                <![CDATA[]]>
              </value>
            </param>
            <param index="4">
              <value>
                <![CDATA[xpath]]>
              </value>
            </param>
            <param index="5">
              <value>
                <![CDATA[]]>
              </value>
            </param>
          </params>
          <reporter-output>
          </reporter-output>
        </test-method> <!-- OneWayTripSearchTest -->
        <test-method status="PASS" signature="OneWayTripSearchTest(java.lang.String, java.lang.String, java.lang.String, java.lang.String, java.lang.String, java.lang.String)[pri:0, instance:com.booking.test.OneWayTripTest@778d1062]" name="OneWayTripSearchTest" duration-ms="1433" started-at="2020-12-02T10:51:28Z" data-provider="hybridData" finished-at="2020-12-02T10:51:30Z">
          <params>
            <param index="0">
              <value>
                <![CDATA[]]>
              </value>
            </param>
            <param index="1">
              <value>
                <![CDATA[DATE]]>
              </value>
            </param>
            <param index="2">
              <value>
                <![CDATA[]]>
              </value>
            </param>
            <param index="3">
              <value>
                <![CDATA[]]>
              </value>
            </param>
            <param index="4">
              <value>
                <![CDATA[xpath]]>
              </value>
            </param>
            <param index="5">
              <value>
                <![CDATA[08/12/2020]]>
              </value>
            </param>
          </params>
          <reporter-output>
          </reporter-output>
        </test-method> <!-- OneWayTripSearchTest -->
        <test-method status="PASS" signature="OneWayTripSearchTest(java.lang.String, java.lang.String, java.lang.String, java.lang.String, java.lang.String, java.lang.String)[pri:0, instance:com.booking.test.OneWayTripTest@778d1062]" name="OneWayTripSearchTest" duration-ms="1468" started-at="2020-12-02T10:51:30Z" data-provider="hybridData" finished-at="2020-12-02T10:51:31Z">
          <params>
            <param index="0">
              <value>
                <![CDATA[]]>
              </value>
            </param>
            <param index="1">
              <value>
                <![CDATA[CLICK]]>
              </value>
            </param>
            <param index="2">
              <value>
                <![CDATA[travellersClass]]>
              </value>
            </param>
            <param index="3">
              <value>
                <![CDATA[]]>
              </value>
            </param>
            <param index="4">
              <value>
                <![CDATA[xpath]]>
              </value>
            </param>
            <param index="5">
              <value>
                <![CDATA[]]>
              </value>
            </param>
          </params>
          <reporter-output>
          </reporter-output>
        </test-method> <!-- OneWayTripSearchTest -->
        <test-method status="PASS" signature="OneWayTripSearchTest(java.lang.String, java.lang.String, java.lang.String, java.lang.String, java.lang.String, java.lang.String)[pri:0, instance:com.booking.test.OneWayTripTest@778d1062]" name="OneWayTripSearchTest" duration-ms="1537" started-at="2020-12-02T10:51:31Z" data-provider="hybridData" finished-at="2020-12-02T10:51:33Z">
          <params>
            <param index="0">
              <value>
                <![CDATA[]]>
              </value>
            </param>
            <param index="1">
              <value>
                <![CDATA[CLICK]]>
              </value>
            </param>
            <param index="2">
              <value>
                <![CDATA[addAdult]]>
              </value>
            </param>
            <param index="3">
              <value>
                <![CDATA[]]>
              </value>
            </param>
            <param index="4">
              <value>
                <![CDATA[xpath]]>
              </value>
            </param>
            <param index="5">
              <value>
                <![CDATA[]]>
              </value>
            </param>
          </params>
          <reporter-output>
          </reporter-output>
        </test-method> <!-- OneWayTripSearchTest -->
        <test-method status="PASS" signature="OneWayTripSearchTest(java.lang.String, java.lang.String, java.lang.String, java.lang.String, java.lang.String, java.lang.String)[pri:0, instance:com.booking.test.OneWayTripTest@778d1062]" name="OneWayTripSearchTest" duration-ms="1420" started-at="2020-12-02T10:51:33Z" data-provider="hybridData" finished-at="2020-12-02T10:51:34Z">
          <params>
            <param index="0">
              <value>
                <![CDATA[]]>
              </value>
            </param>
            <param index="1">
              <value>
                <![CDATA[CLICK]]>
              </value>
            </param>
            <param index="2">
              <value>
                <![CDATA[checkBox]]>
              </value>
            </param>
            <param index="3">
              <value>
                <![CDATA[]]>
              </value>
            </param>
            <param index="4">
              <value>
                <![CDATA[xpath]]>
              </value>
            </param>
            <param index="5">
              <value>
                <![CDATA[]]>
              </value>
            </param>
          </params>
          <reporter-output>
          </reporter-output>
        </test-method> <!-- OneWayTripSearchTest -->
        <test-method status="PASS" signature="OneWayTripSearchTest(java.lang.String, java.lang.String, java.lang.String, java.lang.String, java.lang.String, java.lang.String)[pri:0, instance:com.booking.test.OneWayTripTest@778d1062]" name="OneWayTripSearchTest" duration-ms="1325" started-at="2020-12-02T10:51:34Z" data-provider="hybridData" finished-at="2020-12-02T10:51:36Z">
          <params>
            <param index="0">
              <value>
                <![CDATA[]]>
              </value>
            </param>
            <param index="1">
              <value>
                <![CDATA[CLICK]]>
              </value>
            </param>
            <param index="2">
              <value>
                <![CDATA[searchFlight]]>
              </value>
            </param>
            <param index="3">
              <value>
                <![CDATA[]]>
              </value>
            </param>
            <param index="4">
              <value>
                <![CDATA[xpath]]>
              </value>
            </param>
            <param index="5">
              <value>
                <![CDATA[]]>
              </value>
            </param>
          </params>
          <reporter-output>
          </reporter-output>
        </test-method> <!-- OneWayTripSearchTest -->
        <test-method status="FAIL" signature="OneWayTripSearchTest(java.lang.String, java.lang.String, java.lang.String, java.lang.String, java.lang.String, java.lang.String)[pri:0, instance:com.booking.test.OneWayTripTest@778d1062]" name="OneWayTripSearchTest" duration-ms="2018" started-at="2020-12-02T10:51:36Z" data-provider="hybridData" finished-at="2020-12-02T10:51:38Z">
          <params>
            <param index="0">
              <value>
                <![CDATA[]]>
              </value>
            </param>
            <param index="1">
              <value>
                <![CDATA[RESULTCOMPARE]]>
              </value>
            </param>
            <param index="2">
              <value>
                <![CDATA[selectSearch]]>
              </value>
            </param>
            <param index="3">
              <value>
                <![CDATA[]]>
              </value>
            </param>
            <param index="4">
              <value>
                <![CDATA[xpath]]>
              </value>
            </param>
            <param index="5">
              <value>
                <![CDATA[]]>
              </value>
            </param>
          </params>
          <exception class="java.lang.AssertionError">
            <message>
              <![CDATA[null]]>
            </message>
            <full-stacktrace>
              <![CDATA[java.lang.AssertionError: null
at org.testng.Assert.fail(Assert.java:96)
at org.testng.Assert.assertNotEquals(Assert.java:1157)
at org.testng.Assert.assertNotEquals(Assert.java:1162)
at com.yatra.utils.ResultCompare.verifyResults(ResultCompare.java:30)
at com.yatra.utils.UIOperation.perform(UIOperation.java:115)
at com.booking.test.OneWayTripTest.OneWayTripSearchTest(OneWayTripTest.java:46)
at sun.reflect.GeneratedMethodAccessor1.invoke(Unknown Source)
at sun.reflect.DelegatingMethodAccessorImpl.invoke(Unknown Source)
at java.lang.reflect.Method.invoke(Unknown Source)
at org.testng.internal.MethodInvocationHelper.invokeMethod(MethodInvocationHelper.java:124)
at org.testng.internal.Invoker.invokeMethod(Invoker.java:583)
at org.testng.internal.Invoker.invokeTestMethod(Invoker.java:719)
at org.testng.internal.Invoker.invokeTestMethods(Invoker.java:989)
at org.testng.internal.TestMethodWorker.invokeTestMethods(TestMethodWorker.java:125)
at org.testng.internal.TestMethodWorker.run(TestMethodWorker.java:109)
at org.testng.TestRunner.privateRun(TestRunner.java:648)
at org.testng.TestRunner.run(TestRunner.java:505)
at org.testng.SuiteRunner.runTest(SuiteRunner.java:455)
at org.testng.SuiteRunner.runSequentially(SuiteRunner.java:450)
at org.testng.SuiteRunner.privateRun(SuiteRunner.java:415)
at org.testng.SuiteRunner.run(SuiteRunner.java:364)
at org.testng.SuiteRunnerWorker.runSuite(SuiteRunnerWorker.java:52)
at org.testng.SuiteRunnerWorker.run(SuiteRunnerWorker.java:84)
at org.testng.TestNG.runSuitesSequentially(TestNG.java:1208)
at org.testng.TestNG.runSuitesLocally(TestNG.java:1137)
at org.testng.TestNG.runSuites(TestNG.java:1049)
at org.testng.TestNG.run(TestNG.java:1017)
at org.testng.remote.AbstractRemoteTestNG.run(AbstractRemoteTestNG.java:132)
at org.testng.remote.RemoteTestNG.initAndRun(RemoteTestNG.java:230)
at org.testng.remote.RemoteTestNG.main(RemoteTestNG.java:76)
]]>
            </full-stacktrace>
          </exception> <!-- java.lang.AssertionError -->
          <reporter-output>
          </reporter-output>
        </test-method> <!-- OneWayTripSearchTest -->
        <test-method status="PASS" signature="OneWayTripSearchTest(java.lang.String, java.lang.String, java.lang.String, java.lang.String, java.lang.String, java.lang.String)[pri:0, instance:com.booking.test.OneWayTripTest@778d1062]" name="OneWayTripSearchTest" duration-ms="3004" started-at="2020-12-02T10:51:39Z" data-provider="hybridData" finished-at="2020-12-02T10:51:42Z">
          <params>
            <param index="0">
              <value>
                <![CDATA[]]>
              </value>
            </param>
            <param index="1">
              <value>
                <![CDATA[SLEEP]]>
              </value>
            </param>
            <param index="2">
              <value>
                <![CDATA[]]>
              </value>
            </param>
            <param index="3">
              <value>
                <![CDATA[]]>
              </value>
            </param>
            <param index="4">
              <value>
                <![CDATA[]]>
              </value>
            </param>
            <param index="5">
              <value>
                <![CDATA[]]>
              </value>
            </param>
          </params>
          <reporter-output>
          </reporter-output>
        </test-method> <!-- OneWayTripSearchTest -->
        <test-method status="PASS" signature="OneWayTripSearchTest(java.lang.String, java.lang.String, java.lang.String, java.lang.String, java.lang.String, java.lang.String)[pri:0, instance:com.booking.test.OneWayTripTest@778d1062]" name="OneWayTripSearchTest" duration-ms="7516" started-at="2020-12-02T10:51:42Z" data-provider="hybridData" finished-at="2020-12-02T10:51:49Z">
          <params>
            <param index="0">
              <value>
                <![CDATA[OneWayTripTest5_NoFlight]]>
              </value>
            </param>
            <param index="1">
              <value>
                <![CDATA[]]>
              </value>
            </param>
            <param index="2">
              <value>
                <![CDATA[]]>
              </value>
            </param>
            <param index="3">
              <value>
                <![CDATA[]]>
              </value>
            </param>
            <param index="4">
              <value>
                <![CDATA[]]>
              </value>
            </param>
            <param index="5">
              <value>
                <![CDATA[]]>
              </value>
            </param>
          </params>
          <reporter-output>
          </reporter-output>
        </test-method> <!-- OneWayTripSearchTest -->
        <test-method status="PASS" signature="OneWayTripSearchTest(java.lang.String, java.lang.String, java.lang.String, java.lang.String, java.lang.String, java.lang.String)[pri:0, instance:com.booking.test.OneWayTripTest@778d1062]" name="OneWayTripSearchTest" duration-ms="5582" started-at="2020-12-02T10:51:49Z" data-provider="hybridData" finished-at="2020-12-02T10:51:55Z">
          <params>
            <param index="0">
              <value>
                <![CDATA[]]>
              </value>
            </param>
            <param index="1">
              <value>
                <![CDATA[GOTOURL]]>
              </value>
            </param>
            <param index="2">
              <value>
                <![CDATA[]]>
              </value>
            </param>
            <param index="3">
              <value>
                <![CDATA[]]>
              </value>
            </param>
            <param index="4">
              <value>
                <![CDATA[]]>
              </value>
            </param>
            <param index="5">
              <value>
                <![CDATA[url]]>
              </value>
            </param>
          </params>
          <reporter-output>
          </reporter-output>
        </test-method> <!-- OneWayTripSearchTest -->
        <test-method status="PASS" signature="OneWayTripSearchTest(java.lang.String, java.lang.String, java.lang.String, java.lang.String, java.lang.String, java.lang.String)[pri:0, instance:com.booking.test.OneWayTripTest@778d1062]" name="OneWayTripSearchTest" duration-ms="5033" started-at="2020-12-02T10:51:55Z" data-provider="hybridData" finished-at="2020-12-02T10:52:00Z">
          <params>
            <param index="0">
              <value>
                <![CDATA[]]>
              </value>
            </param>
            <param index="1">
              <value>
                <![CDATA[CLICK]]>
              </value>
            </param>
            <param index="2">
              <value>
                <![CDATA[departCity]]>
              </value>
            </param>
            <param index="3">
              <value>
                <![CDATA[]]>
              </value>
            </param>
            <param index="4">
              <value>
                <![CDATA[xpath]]>
              </value>
            </param>
            <param index="5">
              <value>
                <![CDATA[]]>
              </value>
            </param>
          </params>
          <reporter-output>
          </reporter-output>
        </test-method> <!-- OneWayTripSearchTest -->
        <test-method status="PASS" signature="OneWayTripSearchTest(java.lang.String, java.lang.String, java.lang.String, java.lang.String, java.lang.String, java.lang.String)[pri:0, instance:com.booking.test.OneWayTripTest@778d1062]" name="OneWayTripSearchTest" duration-ms="1221" started-at="2020-12-02T10:52:00Z" data-provider="hybridData" finished-at="2020-12-02T10:52:01Z">
          <params>
            <param index="0">
              <value>
                <![CDATA[]]>
              </value>
            </param>
            <param index="1">
              <value>
                <![CDATA[SETTEXT]]>
              </value>
            </param>
            <param index="2">
              <value>
                <![CDATA[departCity]]>
              </value>
            </param>
            <param index="3">
              <value>
                <![CDATA[]]>
              </value>
            </param>
            <param index="4">
              <value>
                <![CDATA[xpath]]>
              </value>
            </param>
            <param index="5">
              <value>
                <![CDATA[Mumbai]]>
              </value>
            </param>
          </params>
          <reporter-output>
          </reporter-output>
        </test-method> <!-- OneWayTripSearchTest -->
        <test-method status="PASS" signature="OneWayTripSearchTest(java.lang.String, java.lang.String, java.lang.String, java.lang.String, java.lang.String, java.lang.String)[pri:0, instance:com.booking.test.OneWayTripTest@778d1062]" name="OneWayTripSearchTest" duration-ms="1155" started-at="2020-12-02T10:52:01Z" data-provider="hybridData" finished-at="2020-12-02T10:52:02Z">
          <params>
            <param index="0">
              <value>
                <![CDATA[]]>
              </value>
            </param>
            <param index="1">
              <value>
                <![CDATA[ENTER]]>
              </value>
            </param>
            <param index="2">
              <value>
                <![CDATA[departCity]]>
              </value>
            </param>
            <param index="3">
              <value>
                <![CDATA[]]>
              </value>
            </param>
            <param index="4">
              <value>
                <![CDATA[xpath]]>
              </value>
            </param>
            <param index="5">
              <value>
                <![CDATA[]]>
              </value>
            </param>
          </params>
          <reporter-output>
          </reporter-output>
        </test-method> <!-- OneWayTripSearchTest -->
        <test-method status="PASS" signature="OneWayTripSearchTest(java.lang.String, java.lang.String, java.lang.String, java.lang.String, java.lang.String, java.lang.String)[pri:0, instance:com.booking.test.OneWayTripTest@778d1062]" name="OneWayTripSearchTest" duration-ms="1201" started-at="2020-12-02T10:52:02Z" data-provider="hybridData" finished-at="2020-12-02T10:52:03Z">
          <params>
            <param index="0">
              <value>
                <![CDATA[]]>
              </value>
            </param>
            <param index="1">
              <value>
                <![CDATA[CLICK]]>
              </value>
            </param>
            <param index="2">
              <value>
                <![CDATA[goingToCity]]>
              </value>
            </param>
            <param index="3">
              <value>
                <![CDATA[]]>
              </value>
            </param>
            <param index="4">
              <value>
                <![CDATA[xpath]]>
              </value>
            </param>
            <param index="5">
              <value>
                <![CDATA[]]>
              </value>
            </param>
          </params>
          <reporter-output>
          </reporter-output>
        </test-method> <!-- OneWayTripSearchTest -->
        <test-method status="PASS" signature="OneWayTripSearchTest(java.lang.String, java.lang.String, java.lang.String, java.lang.String, java.lang.String, java.lang.String)[pri:0, instance:com.booking.test.OneWayTripTest@778d1062]" name="OneWayTripSearchTest" duration-ms="1588" started-at="2020-12-02T10:52:03Z" data-provider="hybridData" finished-at="2020-12-02T10:52:05Z">
          <params>
            <param index="0">
              <value>
                <![CDATA[]]>
              </value>
            </param>
            <param index="1">
              <value>
                <![CDATA[SETTEXT]]>
              </value>
            </param>
            <param index="2">
              <value>
                <![CDATA[goingToCity]]>
              </value>
            </param>
            <param index="3">
              <value>
                <![CDATA[]]>
              </value>
            </param>
            <param index="4">
              <value>
                <![CDATA[xpath]]>
              </value>
            </param>
            <param index="5">
              <value>
                <![CDATA[Bali]]>
              </value>
            </param>
          </params>
          <reporter-output>
          </reporter-output>
        </test-method> <!-- OneWayTripSearchTest -->
        <test-method status="PASS" signature="OneWayTripSearchTest(java.lang.String, java.lang.String, java.lang.String, java.lang.String, java.lang.String, java.lang.String)[pri:0, instance:com.booking.test.OneWayTripTest@778d1062]" name="OneWayTripSearchTest" duration-ms="1757" started-at="2020-12-02T10:52:05Z" data-provider="hybridData" finished-at="2020-12-02T10:52:07Z">
          <params>
            <param index="0">
              <value>
                <![CDATA[]]>
              </value>
            </param>
            <param index="1">
              <value>
                <![CDATA[ENTER]]>
              </value>
            </param>
            <param index="2">
              <value>
                <![CDATA[goingToCity]]>
              </value>
            </param>
            <param index="3">
              <value>
                <![CDATA[]]>
              </value>
            </param>
            <param index="4">
              <value>
                <![CDATA[xpath]]>
              </value>
            </param>
            <param index="5">
              <value>
                <![CDATA[]]>
              </value>
            </param>
          </params>
          <reporter-output>
          </reporter-output>
        </test-method> <!-- OneWayTripSearchTest -->
        <test-method status="PASS" signature="OneWayTripSearchTest(java.lang.String, java.lang.String, java.lang.String, java.lang.String, java.lang.String, java.lang.String)[pri:0, instance:com.booking.test.OneWayTripTest@778d1062]" name="OneWayTripSearchTest" duration-ms="1381" started-at="2020-12-02T10:52:07Z" data-provider="hybridData" finished-at="2020-12-02T10:52:08Z">
          <params>
            <param index="0">
              <value>
                <![CDATA[]]>
              </value>
            </param>
            <param index="1">
              <value>
                <![CDATA[CLICK]]>
              </value>
            </param>
            <param index="2">
              <value>
                <![CDATA[departDate]]>
              </value>
            </param>
            <param index="3">
              <value>
                <![CDATA[]]>
              </value>
            </param>
            <param index="4">
              <value>
                <![CDATA[xpath]]>
              </value>
            </param>
            <param index="5">
              <value>
                <![CDATA[]]>
              </value>
            </param>
          </params>
          <reporter-output>
          </reporter-output>
        </test-method> <!-- OneWayTripSearchTest -->
[...]
          <params>
            <param index="0">
              <value>
                <![CDATA[]]>
              </value>
            </param>
            <param index="1">
              <value>
                <![CDATA[CLICK]]>
              </value>
            </param>
            <param index="2">
              <value>
                <![CDATA[addGstButton]]>
              </value>
            </param>
            <param index="3">
              <value>
                <![CDATA[]]>
              </value>
            </param>
            <param index="4">
              <value>
                <![CDATA[xpath]]>
              </value>
            </param>
            <param index="5">
              <value>
                <![CDATA[]]>
              </value>
            </param>
          </params>
          <reporter-output>
          </reporter-output>
        </test-method> <!-- OneWayTripSearchTest -->
        <test-method status="PASS" signature="OneWayTripSearchTest(java.lang.String, java.lang.String, java.lang.String, java.lang.String, java.lang.String, java.lang.String)[pri:0, instance:com.booking.test.OneWayTripTest@778d1062]" name="OneWayTripSearchTest" duration-ms="1746" started-at="2020-12-02T10:57:36Z" data-provider="hybridData" finished-at="2020-12-02T10:57:38Z">
          <params>
            <param index="0">
              <value>
                <![CDATA[]]>
              </value>
            </param>
            <param index="1">
              <value>
                <![CDATA[SETTEXT]]>
              </value>
            </param>
            <param index="2">
              <value>
                <![CDATA[gstNumber]]>
              </value>
            </param>
            <param index="3">
              <value>
                <![CDATA[]]>
              </value>
            </param>
            <param index="4">
              <value>
                <![CDATA[xpath]]>
              </value>
            </param>
            <param index="5">
              <value>
                <![CDATA[27AAKPK5210M1Z6]]>
              </value>
            </param>
          </params>
          <reporter-output>
          </reporter-output>
        </test-method> <!-- OneWayTripSearchTest -->
        <test-method status="PASS" signature="OneWayTripSearchTest(java.lang.String, java.lang.String, java.lang.String, java.lang.String, java.lang.String, java.lang.String)[pri:0, instance:com.booking.test.OneWayTripTest@778d1062]" name="OneWayTripSearchTest" duration-ms="1557" started-at="2020-12-02T10:57:38Z" data-provider="hybridData" finished-at="2020-12-02T10:57:39Z">
          <params>
            <param index="0">
              <value>
                <![CDATA[]]>
              </value>
            </param>
            <param index="1">
              <value>
                <![CDATA[SETTEXT]]>
              </value>
            </param>
            <param index="2">
              <value>
                <![CDATA[gstCompanyName]]>
              </value>
            </param>
            <param index="3">
              <value>
                <![CDATA[]]>
              </value>
            </param>
            <param index="4">
              <value>
                <![CDATA[xpath]]>
              </value>
            </param>
            <param index="5">
              <value>
                <![CDATA[L&T]]>
              </value>
            </param>
          </params>
          <reporter-output>
          </reporter-output>
        </test-method> <!-- OneWayTripSearchTest -->
        <test-method status="PASS" signature="OneWayTripSearchTest(java.lang.String, java.lang.String, java.lang.String, java.lang.String, java.lang.String, java.lang.String)[pri:0, instance:com.booking.test.OneWayTripTest@778d1062]" name="OneWayTripSearchTest" duration-ms="2098" started-at="2020-12-02T10:57:39Z" data-provider="hybridData" finished-at="2020-12-02T10:57:41Z">
          <params>
            <param index="0">
              <value>
                <![CDATA[]]>
              </value>
            </param>
            <param index="1">
              <value>
                <![CDATA[SETTEXT]]>
              </value>
            </param>
            <param index="2">
              <value>
                <![CDATA[gstEmailId]]>
              </value>
            </param>
            <param index="3">
              <value>
                <![CDATA[]]>
              </value>
            </param>
            <param index="4">
              <value>
                <![CDATA[xpath]]>
              </value>
            </param>
            <param index="5">
              <value>
                <![CDATA[rs@gmail.com]]>
              </value>
            </param>
          </params>
          <reporter-output>
          </reporter-output>
        </test-method> <!-- OneWayTripSearchTest -->
        <test-method status="PASS" signature="OneWayTripSearchTest(java.lang.String, java.lang.String, java.lang.String, java.lang.String, java.lang.String, java.lang.String)[pri:0, instance:com.booking.test.OneWayTripTest@778d1062]" name="OneWayTripSearchTest" duration-ms="1542" started-at="2020-12-02T10:57:41Z" data-provider="hybridData" finished-at="2020-12-02T10:57:43Z">
          <params>
            <param index="0">
              <value>
                <![CDATA[]]>
              </value>
            </param>
            <param index="1">
              <value>
                <![CDATA[SETTEXT]]>
              </value>
            </param>
            <param index="2">
              <value>
                <![CDATA[gstMobileNumber]]>
              </value>
            </param>
            <param index="3">
              <value>
                <![CDATA[]]>
              </value>
            </param>
            <param index="4">
              <value>
                <![CDATA[xpath]]>
              </value>
            </param>
            <param index="5">
              <value>
                <![CDATA[9654201872]]>
              </value>
            </param>
          </params>
          <reporter-output>
          </reporter-output>
        </test-method> <!-- OneWayTripSearchTest -->
        <test-method status="PASS" signature="OneWayTripSearchTest(java.lang.String, java.lang.String, java.lang.String, java.lang.String, java.lang.String, java.lang.String)[pri:0, instance:com.booking.test.OneWayTripTest@778d1062]" name="OneWayTripSearchTest" duration-ms="1532" started-at="2020-12-02T10:57:43Z" data-provider="hybridData" finished-at="2020-12-02T10:57:45Z">
          <params>
            <param index="0">
              <value>
                <![CDATA[]]>
              </value>
            </param>
            <param index="1">
              <value>
                <![CDATA[SETTEXT]]>
              </value>
            </param>
            <param index="2">
              <value>
                <![CDATA[gstAddress]]>
              </value>
            </param>
            <param index="3">
              <value>
                <![CDATA[]]>
              </value>
            </param>
            <param index="4">
              <value>
                <![CDATA[xpath]]>
              </value>
            </param>
            <param index="5">
              <value>
                <![CDATA[Khar West]]>
              </value>
            </param>
          </params>
          <reporter-output>
          </reporter-output>
        </test-method> <!-- OneWayTripSearchTest -->
        <test-method status="PASS" signature="OneWayTripSearchTest(java.lang.String, java.lang.String, java.lang.String, java.lang.String, java.lang.String, java.lang.String)[pri:0, instance:com.booking.test.OneWayTripTest@778d1062]" name="OneWayTripSearchTest" duration-ms="1512" started-at="2020-12-02T10:57:45Z" data-provider="hybridData" finished-at="2020-12-02T10:57:46Z">
          <params>
            <param index="0">
              <value>
                <![CDATA[]]>
              </value>
            </param>
            <param index="1">
              <value>
                <![CDATA[SETTEXT]]>
              </value>
            </param>
            <param index="2">
              <value>
                <![CDATA[gstCity]]>
              </value>
            </param>
            <param index="3">
              <value>
                <![CDATA[]]>
              </value>
            </param>
            <param index="4">
              <value>
                <![CDATA[xpath]]>
              </value>
            </param>
            <param index="5">
              <value>
                <![CDATA[Mumbai]]>
              </value>
            </param>
          </params>
          <reporter-output>
          </reporter-output>
        </test-method> <!-- OneWayTripSearchTest -->
        <test-method status="PASS" signature="OneWayTripSearchTest(java.lang.String, java.lang.String, java.lang.String, java.lang.String, java.lang.String, java.lang.String)[pri:0, instance:com.booking.test.OneWayTripTest@778d1062]" name="OneWayTripSearchTest" duration-ms="1621" started-at="2020-12-02T10:57:46Z" data-provider="hybridData" finished-at="2020-12-02T10:57:48Z">
          <params>
            <param index="0">
              <value>
                <![CDATA[]]>
              </value>
            </param>
            <param index="1">
              <value>
                <![CDATA[SETTEXT]]>
              </value>
            </param>
            <param index="2">
              <value>
                <![CDATA[gstPinCode]]>
              </value>
            </param>
            <param index="3">
              <value>
                <![CDATA[]]>
              </value>
            </param>
            <param index="4">
              <value>
                <![CDATA[xpath]]>
              </value>
            </param>
            <param index="5">
              <value>
                <![CDATA[400052]]>
              </value>
            </param>
          </params>
          <reporter-output>
          </reporter-output>
        </test-method> <!-- OneWayTripSearchTest -->
        <test-method status="PASS" signature="OneWayTripSearchTest(java.lang.String, java.lang.String, java.lang.String, java.lang.String, java.lang.String, java.lang.String)[pri:0, instance:com.booking.test.OneWayTripTest@778d1062]" name="OneWayTripSearchTest" duration-ms="1334" started-at="2020-12-02T10:57:48Z" data-provider="hybridData" finished-at="2020-12-02T10:57:49Z">
          <params>
            <param index="0">
              <value>
                <![CDATA[]]>
              </value>
            </param>
            <param index="1">
              <value>
                <![CDATA[SETTEXT]]>
              </value>
            </param>
            <param index="2">
              <value>
                <![CDATA[gstState]]>
              </value>
            </param>
            <param index="3">
              <value>
                <![CDATA[]]>
              </value>
            </param>
            <param index="4">
              <value>
                <![CDATA[xpath]]>
              </value>
            </param>
            <param index="5">
              <value>
                <![CDATA[Maharashtra]]>
              </value>
            </param>
          </params>
          <reporter-output>
          </reporter-output>
        </test-method> <!-- OneWayTripSearchTest -->
        <test-method status="PASS" signature="OneWayTripSearchTest(java.lang.String, java.lang.String, java.lang.String, java.lang.String, java.lang.String, java.lang.String)[pri:0, instance:com.booking.test.OneWayTripTest@778d1062]" name="OneWayTripSearchTest" duration-ms="3003" started-at="2020-12-02T10:57:49Z" data-provider="hybridData" finished-at="2020-12-02T10:57:52Z">
          <params>
            <param index="0">
              <value>
                <![CDATA[]]>
              </value>
            </param>
            <param index="1">
              <value>
                <![CDATA[SLEEP]]>
              </value>
            </param>
            <param index="2">
              <value>
                <![CDATA[]]>
              </value>
            </param>
            <param index="3">
              <value>
                <![CDATA[]]>
              </value>
            </param>
            <param index="4">
              <value>
                <![CDATA[]]>
              </value>
            </param>
            <param index="5">
              <value>
                <![CDATA[]]>
              </value>
            </param>
          </params>
          <reporter-output>
          </reporter-output>
        </test-method> <!-- OneWayTripSearchTest -->
        <test-method status="PASS" signature="OneWayTripSearchTest(java.lang.String, java.lang.String, java.lang.String, java.lang.String, java.lang.String, java.lang.String)[pri:0, instance:com.booking.test.OneWayTripTest@778d1062]" name="OneWayTripSearchTest" duration-ms="1039" started-at="2020-12-02T10:57:52Z" data-provider="hybridData" finished-at="2020-12-02T10:57:53Z">
          <params>
            <param index="0">
              <value>
                <![CDATA[]]>
              </value>
            </param>
            <param index="1">
              <value>
                <![CDATA[pageScroller]]>
              </value>
            </param>
            <param index="2">
              <value>
                <![CDATA[]]>
              </value>
            </param>
            <param index="3">
              <value>
                <![CDATA[]]>
              </value>
            </param>
            <param index="4">
              <value>
                <![CDATA[]]>
              </value>
            </param>
            <param index="5">
              <value>
                <![CDATA[250]]>
              </value>
            </param>
          </params>
          <reporter-output>
          </reporter-output>
        </test-method> <!-- OneWayTripSearchTest -->
        <test-method status="PASS" signature="OneWayTripSearchTest(java.lang.String, java.lang.String, java.lang.String, java.lang.String, java.lang.String, java.lang.String)[pri:0, instance:com.booking.test.OneWayTripTest@778d1062]" name="OneWayTripSearchTest" duration-ms="1819" started-at="2020-12-02T10:57:53Z" data-provider="hybridData" finished-at="2020-12-02T10:57:55Z">
          <params>
            <param index="0">
              <value>
                <![CDATA[]]>
              </value>
            </param>
            <param index="1">
              <value>
                <![CDATA[CLICK]]>
              </value>
            </param>
            <param index="2">
              <value>
                <![CDATA[addGstSubmitButton]]>
              </value>
            </param>
            <param index="3">
              <value>
                <![CDATA[]]>
              </value>
            </param>
            <param index="4">
              <value>
                <![CDATA[xpath]]>
              </value>
            </param>
            <param index="5">
              <value>
                <![CDATA[]]>
              </value>
            </param>
          </params>
          <reporter-output>
          </reporter-output>
        </test-method> <!-- OneWayTripSearchTest -->
        <test-method status="PASS" signature="OneWayTripSearchTest(java.lang.String, java.lang.String, java.lang.String, java.lang.String, java.lang.String, java.lang.String)[pri:0, instance:com.booking.test.OneWayTripTest@778d1062]" name="OneWayTripSearchTest" duration-ms="1050" started-at="2020-12-02T10:57:55Z" data-provider="hybridData" finished-at="2020-12-02T10:57:56Z">
          <params>
            <param index="0">
              <value>
                <![CDATA[]]>
              </value>
            </param>
            <param index="1">
              <value>
                <![CDATA[pageScroller]]>
              </value>
            </param>
            <param index="2">
              <value>
                <![CDATA[]]>
              </value>
            </param>
            <param index="3">
              <value>
                <![CDATA[]]>
              </value>
            </param>
            <param index="4">
              <value>
                <![CDATA[]]>
              </value>
            </param>
            <param index="5">
              <value>
                <![CDATA[]]>
              </value>
            </param>
          </params>
          <reporter-output>
          </reporter-output>
        </test-method> <!-- OneWayTripSearchTest -->
        <test-method status="PASS" signature="OneWayTripSearchTest(java.lang.String, java.lang.String, java.lang.String, java.lang.String, java.lang.String, java.lang.String)[pri:0, instance:com.booking.test.OneWayTripTest@778d1062]" name="OneWayTripSearchTest" duration-ms="1467" started-at="2020-12-02T10:57:56Z" data-provider="hybridData" finished-at="2020-12-02T10:57:57Z">
          <params>
            <param index="0">
              <value>
                <![CDATA[]]>
              </value>
            </param>
            <param index="1">
              <value>
                <![CDATA[CLICK]]>
              </value>
            </param>
            <param index="2">
              <value>
                <![CDATA[proceedToPaymentButton]]>
              </value>
            </param>
            <param index="3">
              <value>
                <![CDATA[]]>
              </value>
            </param>
            <param index="4">
              <value>
                <![CDATA[xpath]]>
              </value>
            </param>
            <param index="5">
              <value>
                <![CDATA[]]>
              </value>
            </param>
          </params>
          <reporter-output>
          </reporter-output>
        </test-method> <!-- OneWayTripSearchTest -->
        <test-method status="PASS" signature="OneWayTripSearchTest(java.lang.String, java.lang.String, java.lang.String, java.lang.String, java.lang.String, java.lang.String)[pri:0, instance:com.booking.test.OneWayTripTest@778d1062]" name="OneWayTripSearchTest" duration-ms="1562" started-at="2020-12-02T10:57:57Z" data-provider="hybridData" finished-at="2020-12-02T10:57:59Z">
          <params>
            <param index="0">
              <value>
                <![CDATA[]]>
              </value>
            </param>
            <param index="1">
              <value>
                <![CDATA[CLICK]]>
              </value>
            </param>
            <param index="2">
              <value>
                <![CDATA[travelProtectionButton]]>
              </value>
            </param>
            <param index="3">
              <value>
                <![CDATA[]]>
              </value>
            </param>
            <param index="4">
              <value>
                <![CDATA[xpath]]>
              </value>
            </param>
            <param index="5">
              <value>
                <![CDATA[]]>
              </value>
            </param>
          </params>
          <reporter-output>
          </reporter-output>
        </test-method> <!-- OneWayTripSearchTest -->
        <test-method status="PASS" signature="afterClass()[pri:0, instance:com.booking.test.OneWayTripTest@778d1062]" name="afterClass" is-config="true" duration-ms="9396" started-at="2020-12-02T10:57:59Z" finished-at="2020-12-02T10:58:08Z">
          <reporter-output>
          </reporter-output>
        </test-method> <!-- afterClass -->
      </class> <!-- com.booking.test.OneWayTripTest -->
    </test> <!-- Test -->
  </suite> <!-- Suite -->
</testng-results>
